<?xml version="1.0" encoding="UTF-8" standalone="no"?><testsuite errors="0" failures="0" name="Register functionality" skipped="0" tests="6" time="10.35" timestamp="2024-11-17 11:10:00"><testcase name="Successful register in the application"/><testcase name="Unsuccessful register in the application"/><testcase name="Unsuccessful register because incorrect phone"/><testcase name="Unsuccessful register because incorrect email"/><testcase name="Unsuccessful register because incorrect password"/><testcase name="Unsuccessful register because no terms and privacy accepted"/></testsuite>