<?xml version="1.0" encoding="UTF-8" standalone="no"?><testsuite errors="2" failures="0" name="Login functionality" skipped="0" tests="2" time="0.31" timestamp="2024-11-17 07:19:05"><testcase name="Successful login with valid credentials"><error message="The actor Raúl does not have the ability to browse the web" type="net.serenitybdd.screenplay.exceptions.ActorCannotBrowseTheWebException">The actor Raúl does not have the ability to browse the web</error><system-err>The actor Raúl does not have the ability to browse the web
co.com.udea.autenticacion.moduloauthvirtual.stepdefinitions.LoginStepDefinitions.iAmOnTheLoginPage(LoginStepDefinitions.java:21)
worker.org.gradle.process.internal.worker.GradleWorkerMain.run(GradleWorkerMain.java:69)
worker.org.gradle.process.internal.worker.GradleWorkerMain.main(GradleWorkerMain.java:74)
</system-err></testcase><testcase name="Failed login with invalid credentials"><error message="The actor Raúl does not have the ability to browse the web" type="net.serenitybdd.screenplay.exceptions.ActorCannotBrowseTheWebException">The actor Raúl does not have the ability to browse the web</error><system-err>The actor Raúl does not have the ability to browse the web
co.com.udea.autenticacion.moduloauthvirtual.stepdefinitions.LoginStepDefinitions.iAmOnTheLoginPage(LoginStepDefinitions.java:21)
worker.org.gradle.process.internal.worker.GradleWorkerMain.run(GradleWorkerMain.java:69)
worker.org.gradle.process.internal.worker.GradleWorkerMain.main(GradleWorkerMain.java:74)
</system-err></testcase></testsuite>